c:\vsproject\boxworld_c++\boxworld1.1\boxworld1.1\x64\debug\vc141.pdb
c:\vsproject\boxworld_c++\boxworld1.1\boxworld1.1\x64\debug\vc141.idb
c:\vsproject\boxworld_c++\boxworld1.1\boxworld1.1\x64\debug\ctreasurechest.obj
c:\vsproject\boxworld_c++\boxworld1.1\boxworld1.1\x64\debug\cthewnd.obj
c:\vsproject\boxworld_c++\boxworld1.1\boxworld1.1\x64\debug\credblood.obj
c:\vsproject\boxworld_c++\boxworld1.1\boxworld1.1\x64\debug\cplayer.obj
c:\vsproject\boxworld_c++\boxworld1.1\boxworld1.1\x64\debug\cmywnd.obj
c:\vsproject\boxworld_c++\boxworld1.1\boxworld1.1\x64\debug\wall.obj
c:\vsproject\boxworld_c++\boxworld1.1\boxworld1.1\x64\debug\cmapai.obj
c:\vsproject\boxworld_c++\boxworld1.1\boxworld1.1\x64\debug\citem.obj
c:\vsproject\boxworld_c++\boxworld1.1\boxworld1.1\x64\debug\crangemonsterai.obj
c:\vsproject\boxworld_c++\boxworld1.1\boxworld1.1\x64\debug\cmeleemonster.obj
c:\vsproject\boxworld_c++\boxworld1.1\boxworld1.1\x64\debug\cenemyai.obj
c:\vsproject\boxworld_c++\boxworld1.1\boxworld1.1\x64\debug\clava.obj
c:\vsproject\boxworld_c++\boxworld1.1\boxworld1.1\x64\debug\cgrasspig.obj
c:\vsproject\boxworld_c++\boxworld1.1\boxworld1.1\x64\debug\cdemon.obj
c:\vsproject\boxworld_c++\boxworld1.1\boxworld1.1\x64\debug\cbossai.obj
c:\vsproject\boxworld_c++\boxworld1.1\boxworld1.1\x64\debug\cblockmonsterai.obj
c:\vsproject\boxworld_c++\boxworld1.1\boxworld1.1\x64\debug\cdataai.obj
c:\vsproject\boxworld_c++\boxworld1.1\boxworld1.1\x64\debug\cbullet.obj
c:\vsproject\boxworld_c++\boxworld1.1\boxworld1.1\x64\debug\cbulletattribute.obj
c:\vsproject\boxworld_c++\boxworld1.1\boxworld1.1\x64\debug\animationbehavior.obj
c:\vsproject\boxworld_c++\boxworld1.1\boxworld1.1\x64\debug\resourceallocator.obj
c:\vsproject\boxworld_c++\boxworld1.1\boxworld1.1\x64\debug\gamemanager.obj
c:\vsproject\boxworld_c++\boxworld1.1\x64\debug\boxworld1.1.ilk
c:\vsproject\boxworld_c++\boxworld1.1\x64\debug\boxworld1.1.exe
c:\vsproject\boxworld_c++\boxworld1.1\x64\debug\boxworld1.1.pdb
c:\vsproject\boxworld_c++\boxworld1.1\boxworld1.1\x64\debug\boxworld1.1.tlog\cl.command.1.tlog
c:\vsproject\boxworld_c++\boxworld1.1\boxworld1.1\x64\debug\boxworld1.1.tlog\cl.read.1.tlog
c:\vsproject\boxworld_c++\boxworld1.1\boxworld1.1\x64\debug\boxworld1.1.tlog\cl.write.1.tlog
c:\vsproject\boxworld_c++\boxworld1.1\boxworld1.1\x64\debug\boxworld1.1.tlog\link.command.1.tlog
c:\vsproject\boxworld_c++\boxworld1.1\boxworld1.1\x64\debug\boxworld1.1.tlog\link.read.1.tlog
c:\vsproject\boxworld_c++\boxworld1.1\boxworld1.1\x64\debug\boxworld1.1.tlog\link.write.1.tlog
